<?xml version="1.0" encoding="UTF-8"?>
<testsuite name="Automatización Alkosto E-Commerce" tests="1" skipped="0" failures="0" errors="0" timestamp="2024-11-28T04:57:54" hostname="DESKTOP-Q8365RH" time="31.562">
  <properties/>
  <testcase name="Agregar producto al carrito" classname="Automatización Alkosto E-Commerce" time="31.562"/>
  <system-out><![CDATA[]]></system-out>
  <system-err><![CDATA[Starting ChromeDriver 131.0.6778.85 (3d81e41b6f3ac8bcae63b32e8145c9eb0cd60a2d-refs/branch-heads/6778@{#2285}) on port 45621
Only local connections are allowed.
Please see https://chromedriver.chromium.org/security-considerations for suggestions on keeping ChromeDriver safe.
ChromeDriver was started successfully on port 45621.
nov. 27, 2024 11:57:57 P. M. org.openqa.selenium.devtools.CdpVersionFinder findNearestMatch
ADVERTENCIA: Unable to find CDP implementation matching 131
nov. 27, 2024 11:57:57 P. M. org.openqa.selenium.chromium.ChromiumDriver lambda$new$3
ADVERTENCIA: Unable to find version of CDP to use for . You may need to include a dependency on a specific version of the CDP using something similar to `org.seleniumhq.selenium:selenium-devtools-v86:4.9.0` where the version ("v86") matches the version of the chromium-based browser you're using and the version number of the artifact is the same as Selenium's.
]]></system-err>
</testsuite>
